This is pdfTeX, Version 3.141592653-2.6-1.40.25 (MiKTeX 23.4) (preloaded format=pdflatex 2023.6.18)  4 SEP 2023 15:50
entering extended mode
 restricted \write18 enabled.
 file:line:error style messages enabled.
 %&-line parsing enabled.
**./documentation.tex
(documentation.tex
LaTeX2e <2022-06-01> patch level 5
L3 programming layer <2022-08-30>
(/home/matias/.miktex/texmfs/install/tex/latex/base/article.cls
Document Class: article 2021/10/04 v1.4n Standard LaTeX document class
(/home/matias/.miktex/texmfs/install/tex/latex/base/size10.clo
File: size10.clo 2021/10/04 v1.4n Standard LaTeX file (size option)
)
\c@part=\count185
\c@section=\count186
\c@subsection=\count187
\c@subsubsection=\count188
\c@paragraph=\count189
\c@subparagraph=\count190
\c@figure=\count191
\c@table=\count192
\abovecaptionskip=\skip47
\belowcaptionskip=\skip48
\bibindent=\dimen138
)
(/home/matias/.miktex/texmfs/install/tex/latex/amsfonts/amsfonts.sty
Package: amsfonts 2013/01/14 v3.01 Basic AMSFonts support
\@emptytoks=\toks16
\symAMSa=\mathgroup4
\symAMSb=\mathgroup5
LaTeX Font Info:    Redeclaring math symbol \hbar on input line 98.
LaTeX Font Info:    Overwriting math alphabet `\mathfrak' in version `bold'
(Font)                  U/euf/m/n --> U/euf/b/n on input line 106.
)
(/home/matias/.miktex/texmfs/install/tex/latex/ebproof/ebproof.sty
(/home/matias/.miktex/texmfs/install/tex/latex/l3kernel/expl3.sty
Package: expl3 2022-08-30 L3 programming layer (loader) 

(/home/matias/.miktex/texmfs/install/tex/latex/l3backend/l3backend-pdftex.def
File: l3backend-pdftex.def 2022-08-30 L3 backend support: PDF output (pdfTeX)
\l__color_backend_stack_int=\count193
\l__pdf_internal_box=\box51
)) (/home/matias/.miktex/texmfs/install/tex/latex/l3packages/xparse/xparse.sty
Package: xparse 2023-01-16 L3 Experimental document command parser
)
Package: ebproof 2021/01/28 v2.1.1 EB's proof trees
\l__ebproof_separation_dim=\dimen139
\l__ebproof_rule_margin_dim=\dimen140
\l__ebproof_rule_thickness_dim=\dimen141
\l__ebproof_rule_separation_dim=\dimen142
\l__ebproof_rule_dash_length_dim=\dimen143
\l__ebproof_rule_dash_space_dim=\dimen144
\l__ebproof_label_separation_dim=\dimen145
\l__ebproof_label_axis_dim=\dimen146
\g__ebproof_register_int=\count194
\l__ebproof_transit_dim=\dimen147
\g__ebproof_level_int=\count195
\g__ebproof_stack_box=\box52
\l__ebproof_1_box=\box53
\l__ebproof_2_box=\box54
\l__ebproof_3_box=\box55
\l__ebproof_4_box=\box56
)
(/home/matias/.miktex/texmfs/install/tex/latex/fancyvrb/fancyvrb.sty
Package: fancyvrb 2023/01/19 4.5a verbatim text (tvz,hv)

(/home/matias/.miktex/texmfs/install/tex/latex/graphics/keyval.sty
Package: keyval 2022/05/29 v1.15 key=value parser (DPC)
\KV@toks@=\toks17
)
\FV@CodeLineNo=\count196
\FV@InFile=\read2
\FV@TabBox=\box57
\c@FancyVerbLine=\count197
\FV@StepNumber=\count198
\FV@OutFile=\write3
)
(/home/matias/.miktex/texmfs/install/tex/latex/algorithms/algorithm.sty
Package: algorithm 2009/08/24 v0.1 Document Style `algorithm' - floating enviro
nment

(/home/matias/.miktex/texmfs/install/tex/latex/float/float.sty
Package: float 2001/11/08 v1.3d Float enhancements (AL)
\c@float@type=\count199
\float@exts=\toks18
\float@box=\box58
\@float@everytoks=\toks19
\@floatcapt=\box59
)
(/home/matias/.miktex/texmfs/install/tex/latex/base/ifthen.sty
Package: ifthen 2022/04/13 v1.1d Standard LaTeX ifthen package (DPC)
)
\@float@every@algorithm=\toks20
\c@algorithm=\count266
)
(/home/matias/.miktex/texmfs/install/tex/latex/algorithms/algorithmic.sty
Package: algorithmic 2009/08/24 v0.1 Document Style `algorithmic'
\c@ALC@unique=\count267
\c@ALC@line=\count268
\c@ALC@rem=\count269
\c@ALC@depth=\count270
\ALC@tlm=\skip49
\algorithmicindent=\skip50
)
(documentation.aux)
\openout1 = `documentation.aux'.

LaTeX Font Info:    Checking defaults for OML/cmm/m/it on input line 7.
LaTeX Font Info:    ... okay on input line 7.
LaTeX Font Info:    Checking defaults for OMS/cmsy/m/n on input line 7.
LaTeX Font Info:    ... okay on input line 7.
LaTeX Font Info:    Checking defaults for OT1/cmr/m/n on input line 7.
LaTeX Font Info:    ... okay on input line 7.
LaTeX Font Info:    Checking defaults for T1/cmr/m/n on input line 7.
LaTeX Font Info:    ... okay on input line 7.
LaTeX Font Info:    Checking defaults for TS1/cmr/m/n on input line 7.
LaTeX Font Info:    ... okay on input line 7.
LaTeX Font Info:    Checking defaults for OMX/cmex/m/n on input line 7.
LaTeX Font Info:    ... okay on input line 7.
LaTeX Font Info:    Checking defaults for U/cmr/m/n on input line 7.
LaTeX Font Info:    ... okay on input line 7.
LaTeX Font Info:    Trying to load font information for U+msa on input line 12.


(/home/matias/.miktex/texmfs/install/tex/latex/amsfonts/umsa.fd
File: umsa.fd 2013/01/14 v3.01 AMS symbols A
)
LaTeX Font Info:    Trying to load font information for U+msb on input line 12.


(/home/matias/.miktex/texmfs/install/tex/latex/amsfonts/umsb.fd
File: umsb.fd 2013/01/14 v3.01 AMS symbols B
) [1

{/home/matias/.miktex/texmfs/data/fonts/map/pdftex/pdftex.map}] [2] [3] [4] [5]
 [6]
[7] [8] (documentation.aux) ) 
Here is how much of TeX's memory you used:
 1612 strings out of 477325
 30515 string characters out of 2828654
 371069 words of memory out of 3000000
 22776 multiletter control sequences out of 15000+600000
 473315 words of font info for 45 fonts, out of 8000000 for 9000
 0 hyphenation exceptions out of 8191
 58i,5n,63p,657b,304s stack positions out of 5000i,500n,10000p,200000b,80000s
 </home/matias/.miktex/texmfs/data/fonts/pk/ljfour
/jknappen/ec/dpi600/tcrm1000.pk></home/matias/.miktex/texmfs/install/fonts/type
1/public/amsfonts/cm/cmbx10.pfb></home/matias/.miktex/texmfs/install/fonts/type
1/public/amsfonts/cm/cmbx12.pfb></home/matias/.miktex/texmfs/install/fonts/type
1/public/amsfonts/cm/cmmi10.pfb></home/matias/.miktex/texmfs/install/fonts/type
1/public/amsfonts/cm/cmmi7.pfb></home/matias/.miktex/texmfs/install/fonts/type1
/public/amsfonts/cm/cmr10.pfb></home/matias/.miktex/texmfs/install/fonts/type1/
public/amsfonts/cm/cmr7.pfb></home/matias/.miktex/texmfs/install/fonts/type1/pu
blic/amsfonts/cm/cmsy10.pfb></home/matias/.miktex/texmfs/install/fonts/type1/pu
blic/amsfonts/cm/cmsy7.pfb></home/matias/.miktex/texmfs/install/fonts/type1/pub
lic/amsfonts/cm/cmtt10.pfb></home/matias/.miktex/texmfs/install/fonts/type1/pub
lic/amsfonts/symbols/msbm10.pfb>
Output written on documentation.pdf (8 pages, 128333 bytes).
PDF statistics:
 84 PDF objects out of 1000 (max. 8388607)
 0 named destinations out of 1000 (max. 500000)
 1 words of extra memory for PDF output out of 10000 (max. 10000000)

